# JRE version: OpenJDK Runtime Environment (11.0.15) (build 11.0.15+0-b2043.56-8887301)
# Java VM: OpenJDK 64-Bit Server VM (11.0.15+0-b2043.56-8887301, mixed mode, tiered, compressed oops, g1 gc, windows-amd64)
Heap:
 garbage-first heap   total 517120K, used 352320K [0x0000000080000000, 0x0000000100000000)
  region size 1024K, 39 young (39936K), 5 survivors (5120K)
 Metaspace       used 163791K, capacity 168584K, committed 168956K, reserved 1196032K
  class space    used 19694K, capacity 21408K, committed 21580K, reserved 1048576K
GC Heap History (20 events):
Event: 1456.741 GC heap before
{Heap before GC invocations=294 (full 0):
 garbage-first heap   total 416768K, used 363364K [0x0000000080000000, 0x0000000100000000)
  region size 1024K, 57 young (58368K), 7 survivors (7168K)
 Metaspace       used 163776K, capacity 168518K, committed 168700K, reserved 1196032K
  class space    used 19694K, capacity 21408K, committed 21580K, reserved 1048576K
}
Event: 1456.767 GC heap after
{Heap after GC invocations=295 (full 0):
 garbage-first heap   total 416768K, used 317744K [0x0000000080000000, 0x0000000100000000)
  region size 1024K, 7 young (7168K), 7 survivors (7168K)
 Metaspace       used 163776K, capacity 168518K, committed 168700K, reserved 1196032K
  class space    used 19694K, capacity 21408K, committed 21580K, reserved 1048576K
}
Event: 1457.079 GC heap before
{Heap before GC invocations=295 (full 0):
 garbage-first heap   total 416768K, used 361776K [0x0000000080000000, 0x0000000100000000)
  region size 1024K, 50 young (51200K), 7 survivors (7168K)
 Metaspace       used 163776K, capacity 168518K, committed 168700K, reserved 1196032K
  class space    used 19694K, capacity 21408K, committed 21580K, reserved 1048576K
}
Event: 1457.109 GC heap after
{Heap after GC invocations=296 (full 0):
 garbage-first heap   total 416768K, used 322777K [0x0000000080000000, 0x0000000100000000)
  region size 1024K, 6 young (6144K), 6 survivors (6144K)
 Metaspace       used 163776K, capacity 168518K, committed 168700K, reserved 1196032K
  class space    used 19694K, capacity 21408K, committed 21580K, reserved 1048576K
}
Event: 1457.341 GC heap before
{Heap before GC invocations=296 (full 0):
 garbage-first heap   total 416768K, used 362713K [0x0000000080000000, 0x0000000100000000)
  region size 1024K, 45 young (46080K), 6 survivors (6144K)
 Metaspace       used 163777K, capacity 168518K, committed 168700K, reserved 1196032K
  class space    used 19694K, capacity 21408K, committed 21580K, reserved 1048576K
}
Event: 1457.369 GC heap after
{Heap after GC invocations=297 (full 0):
 garbage-first heap   total 416768K, used 327009K [0x0000000080000000, 0x0000000100000000)
  region size 1024K, 5 young (5120K), 5 survivors (5120K)
 Metaspace       used 163777K, capacity 168518K, committed 168700K, reserved 1196032K
  class space    used 19694K, capacity 21408K, committed 21580K, reserved 1048576K
}
Event: 1457.616 GC heap before
{Heap before GC invocations=297 (full 0):
 garbage-first heap   total 416768K, used 362849K [0x0000000080000000, 0x0000000100000000)
  region size 1024K, 40 young (40960K), 5 survivors (5120K)
 Metaspace       used 163780K, capacity 168520K, committed 168700K, reserved 1196032K
  class space    used 19694K, capacity 21408K, committed 21580K, reserved 1048576K
}
Event: 1457.642 GC heap after
{Heap after GC invocations=298 (full 0):
 garbage-first heap   total 416768K, used 329644K [0x0000000080000000, 0x0000000100000000)
  region size 1024K, 3 young (3072K), 3 survivors (3072K)
 Metaspace       used 163780K, capacity 168520K, committed 168700K, reserved 1196032K
  class space    used 19694K, capacity 21408K, committed 21580K, reserved 1048576K
}
Event: 1458.160 GC heap before
{Heap before GC invocations=298 (full 0):
 garbage-first heap   total 416768K, used 364460K [0x0000000080000000, 0x0000000100000000)
  region size 1024K, 37 young (37888K), 3 survivors (3072K)
 Metaspace       used 163780K, capacity 168520K, committed 168700K, reserved 1196032K
  class space    used 19694K, capacity 21408K, committed 21580K, reserved 1048576K
}
Event: 1458.185 GC heap after
{Heap after GC invocations=299 (full 0):
 garbage-first heap   total 517120K, used 331133K [0x0000000080000000, 0x0000000100000000)
  region size 1024K, 5 young (5120K), 5 survivors (5120K)
 Metaspace       used 163780K, capacity 168520K, committed 168700K, reserved 1196032K
  class space    used 19694K, capacity 21408K, committed 21580K, reserved 1048576K
}
Event: 1460.448 GC heap before
{Heap before GC invocations=300 (full 0):
 garbage-first heap   total 517120K, used 413053K [0x0000000080000000, 0x0000000100000000)
  region size 1024K, 85 young (87040K), 5 survivors (5120K)
 Metaspace       used 163782K, capacity 168520K, committed 168700K, reserved 1196032K
  class space    used 19694K, capacity 21408K, committed 21580K, reserved 1048576K
}
Event: 1460.478 GC heap after
{Heap after GC invocations=301 (full 0):
 garbage-first heap   total 517120K, used 335831K [0x0000000080000000, 0x0000000100000000)
  region size 1024K, 9 young (9216K), 9 survivors (9216K)
 Metaspace       used 163782K, capacity 168520K, committed 168700K, reserved 1196032K
  class space    used 19694K, capacity 21408K, committed 21580K, reserved 1048576K
}
Event: 1460.562 GC heap before
{Heap before GC invocations=301 (full 0):
 garbage-first heap   total 517120K, used 352215K [0x0000000080000000, 0x0000000100000000)
  region size 1024K, 25 young (25600K), 9 survivors (9216K)
 Metaspace       used 163782K, capacity 168520K, committed 168700K, reserved 1196032K
  class space    used 19694K, capacity 21408K, committed 21580K, reserved 1048576K
}
Event: 1460.624 GC heap after
{Heap after GC invocations=302 (full 0):
 garbage-first heap   total 517120K, used 316314K [0x0000000080000000, 0x0000000100000000)
  region size 1024K, 3 young (3072K), 3 survivors (3072K)
 Metaspace       used 163782K, capacity 168520K, committed 168700K, reserved 1196032K
  class space    used 19694K, capacity 21408K, committed 21580K, reserved 1048576K
}
Event: 1461.277 GC heap before
{Heap before GC invocations=302 (full 0):
 garbage-first heap   total 517120K, used 410522K [0x0000000080000000, 0x0000000100000000)
  region size 1024K, 95 young (97280K), 3 survivors (3072K)
 Metaspace       used 163783K, capacity 168520K, committed 168700K, reserved 1196032K
  class space    used 19694K, capacity 21408K, committed 21580K, reserved 1048576K
}
Event: 1461.298 GC heap after
{Heap after GC invocations=303 (full 0):
 garbage-first heap   total 517120K, used 317291K [0x0000000080000000, 0x0000000100000000)
  region size 1024K, 4 young (4096K), 4 survivors (4096K)
 Metaspace       used 163783K, capacity 168520K, committed 168700K, reserved 1196032K
  class space    used 19694K, capacity 21408K, committed 21580K, reserved 1048576K
}
Event: 1462.153 GC heap before
{Heap before GC invocations=303 (full 0):
 garbage-first heap   total 517120K, used 416619K [0x0000000080000000, 0x0000000100000000)
  region size 1024K, 102 young (104448K), 4 survivors (4096K)
 Metaspace       used 163788K, capacity 168584K, committed 168956K, reserved 1196032K
  class space    used 19694K, capacity 21408K, committed 21580K, reserved 1048576K
}
Event: 1462.164 GC heap after
{Heap after GC invocations=304 (full 0):
 garbage-first heap   total 517120K, used 317759K [0x0000000080000000, 0x0000000100000000)
  region size 1024K, 4 young (4096K), 4 survivors (4096K)
 Metaspace       used 163788K, capacity 168584K, committed 168956K, reserved 1196032K
  class space    used 19694K, capacity 21408K, committed 21580K, reserved 1048576K
}
Event: 1463.172 GC heap before
{Heap before GC invocations=304 (full 0):
 garbage-first heap   total 517120K, used 424255K [0x0000000080000000, 0x0000000100000000)
  region size 1024K, 108 young (110592K), 4 survivors (4096K)
 Metaspace       used 163791K, capacity 168584K, committed 168956K, reserved 1196032K
  class space    used 19694K, capacity 21408K, committed 21580K, reserved 1048576K
}
Event: 1463.188 GC heap after
{Heap after GC invocations=305 (full 0):
 garbage-first heap   total 517120K, used 318528K [0x0000000080000000, 0x0000000100000000)
  region size 1024K, 5 young (5120K), 5 survivors (5120K)
 Metaspace       used 163791K, capacity 168584K, committed 168956K, reserved 1196032K
  class space    used 19694K, capacity 21408K, committed 21580K, reserved 1048576K
}

